2026-06-05 17:30:12  TAIEX 跌破 5MA（現 45,071 < 5MA 45,621）
2026-06-05 17:30:14  ⛔ 日月光投控 3711 跌破停損 580.00（現 577.00）
2026-06-05 17:30:15  ⚠️ 增你強 3028 接近停損，準備動作
停損 78.00（現 78.70, 距 +0.90%）
2026-06-08 09:00:04  ⛔ 日月光投控 3711 跌破停損 580.00（現 577.00）
2026-06-08 09:00:06  ⛔ 加高 8182 跌破停損 41.60（現 40.55）
2026-06-08 09:00:08  ⚠️ 增你強 3028 接近停損，準備動作
停損 78.00（現 78.70, 距 +0.90%）
2026-06-08 09:05:04  加權指數 -5.15% 大跌（收 42,750）
2026-06-08 09:05:06  TAIEX 跌破 5MA（現 42,750 < 5MA 45,621）
2026-06-08 09:05:08  TAIEX 跌破 10MA（現 42,750 < 10MA 44,790）— 短線轉弱
2026-06-08 09:05:09  ⛔ 昇陽半導體 8028 跌破停損 307.00（現 304.00）
2026-06-08 09:05:19  ⛔ 增你強 3028 跌破停損 78.00（現 70.90）
2026-06-08 09:05:21  ⛔ 晶技 3042 跌破停損 200.00（現 191.00）
2026-06-08 09:10:05  加權指數 -4.42% 大跌（收 43,080）
2026-06-08 09:15:05  ⚠️ 加高 8182 接近停損，準備動作
停損 41.60（現 41.85, 距 +0.60%）
2026-06-08 09:40:10  ⛔ 啟碁 6285 跌破停損 281.00（現 265.00）
2026-06-08 10:00:07  ⛔ 光寶科 2301 跌破停損 218.00（現 214.00）
2026-06-08 10:15:04  加權指數 -3.78% 大跌（收 43,369）
2026-06-08 10:40:05  ⛔ 矽創 8016 跌破停損 293.00（現 280.50）
2026-06-08 12:00:14  Nasdaq 期貨 -4.79%（29,026）— 美股弱勢
2026-06-10 09:00:13  ⚠️ 昇陽半導體 8028 接近停損
停損 307.00（現 309.00, 距 +0.65%）
2026-06-10 09:05:04  TAIEX 跌破 5MA（現 44,428 < 5MA 45,254）
2026-06-10 09:05:13  TAIEX 跌破 10MA（現 44,428 < 10MA 44,776）— 短線轉弱
2026-06-10 12:10:05  加權指數 -2.12% 大跌（收 43,758）
2026-06-10 12:25:05  ⚠️ 欣興 3037 接近停損［T1 (-7%)］
停損 901.17（現 903.00, 距 +0.20%）
2026-06-10 12:55:04  ⛔ 欣興 3037 跌破停損 901.17［T1 (-7%)］（現 890.00）
2026-06-10 13:20:06  加權指數 -3.10% 大跌（收 43,320）
2026-06-11 11:00:04  TAIEX 跌破 5MA（現 42,587 < 5MA 44,234）
2026-06-11 11:00:05  TAIEX 跌破 10MA（現 42,587 < 10MA 44,689）— 短線轉弱
2026-06-11 11:00:07  ⛔ 欣興 3037 跌破停損 901.17［T1 (-7%)］（現 884.00）
2026-06-11 11:10:03  ⛔ 全新 2455 跌破停損 344.00（現 320.00）
2026-06-11 12:15:03  ⛔ 昇陽半導體 8028 跌破停損 307.00（現 292.00）
2026-06-12 09:00:04  ⛔ 全新 2455 跌破停損 344.00（現 320.00）
2026-06-12 09:00:05  ⛔ 昇陽半導體 8028 跌破停損 307.00（現 301.50）
2026-06-12 09:00:07  ⛔ 欣興 3037 跌破停損 901.17［T1 (-7%)］（現 854.00）
2026-06-12 09:05:03  TAIEX 跌破 10MA（現 44,618 < 10MA 44,790）— 短線轉弱
2026-06-12 09:10:12  TAIEX 跌破 5MA（現 44,426 < 5MA 44,436）
2026-06-12 10:05:03  ⚠️ 欣興 3037 接近停損［T1 (-7%)］
停損 901.17（現 904.00, 距 +0.31%）
2026-06-12 10:35:03  ⚠️ 全新 2455 接近停損
停損 344.00（現 347.00, 距 +0.87%）
2026-06-16 09:05:03  ⚠️ 元大台灣50反1 00632R 接近停損
停損 10.10（現 10.18, 距 +0.79%）
2026-06-17 09:00:05  ⚠️ 元大台灣50反1 00632R 接近停損
停損 10.10（現 10.19, 距 +0.89%）
2026-06-17 11:05:03  ⚠️ 正達光電 3149 接近停損［T1 (-7%)］
停損 87.42（現 88.00, 距 +0.66%）
2026-06-17 11:20:06  ⚠️ 元晶 6443 接近停損
停損 38.60（現 38.90, 距 +0.78%）
2026-06-22 09:45:10  ⛔ 正達光電 3149 跌破停損 95.33［T1 (-7%)］（現 95.00）
2026-06-23 09:50:04  ⛔ 正達光電 3149 跌破停損 95.85［T2 (-10%)］（現 95.40）
2026-06-23 10:55:03  ⚠️ 正達光電 3149 接近停損［T2 (-10%)］
停損 95.85（現 96.40, 距 +0.57%）
2026-06-24 09:00:04  Nasdaq 期貨 -2.57%（29,865）— 美股弱勢
2026-06-24 09:00:06  ⛔ 正達光電 3149 跌破停損 95.85［T2 (-10%)］（現 94.10）
2026-06-24 09:05:05  加權指數 -2.10% 大跌（收 46,111）
2026-06-24 09:05:07  TAIEX 跌破 5MA（現 46,111 < 5MA 46,258）
2026-06-25 09:05:03  TAIEX 跌破 5MA（現 46,569 < 5MA 46,599）
2026-06-25 12:20:03  🟡 預警：旺宏 2337 距停損 +4.84%
停損 155.00（現 162.50）— 留意走勢
2026-06-26 09:00:05  🟡 預警：旺宏 2337 距停損 +4.52%
停損 155.00（現 162.00）— 留意走勢
2026-06-26 09:05:03  TAIEX 跌破 5MA（現 45,584 < 5MA 46,646）
2026-06-26 09:25:03  TAIEX 跌破 10MA（現 45,825 < 10MA 46,047）— 短線轉弱
2026-06-26 09:55:04  加權指數 -2.15% 大跌（收 45,263）
2026-06-26 11:05:03  加權指數 -3.23% 大跌（收 44,763）
2026-06-26 11:05:05  🟡 預警：金寶 2312 距停損 +3.48%
停損 33.00（現 34.15）— 留意走勢
2026-06-26 12:00:04  🟡 預警：京元電子 2449 距停損 +3.87%
停損 310.00（現 322.00）— 留意走勢
2026-06-26 12:30:04  🟠 注意：京元電子 2449 距停損 +2.26%
停損 310.00（現 317.00）— 開始準備
2026-06-26 12:45:03  🔴 緊急：京元電子 2449 距停損 +0.97%
停損 310.00（現 313.00）— 隨時可能觸發
2026-06-26 13:05:03  ⛔ 京元電子 2449 跌破停損 310.00（現 309.00）
2026-06-26 13:30:03  🟠 注意：矽格 6257 距停損 +1.83%
停損 219.00（現 223.00）— 開始準備
2026-06-29 09:00:05  🟠 注意：金寶 2312 距停損 +1.52%
停損 33.00（現 33.50）— 開始準備
2026-06-29 09:00:07  🟡 預警：旺宏 2337 距停損 +4.84%
停損 155.00（現 162.50）— 留意走勢
2026-06-29 09:00:09  ⛔ 京元電子 2449 跌破停損 310.00（現 308.00）
2026-06-29 09:00:19  🟠 注意：矽格 6257 距停損 +2.28%
停損 219.00（現 224.00）— 開始準備
2026-06-29 09:00:21  🟡 預警：啟碁 6285 距停損 +3.51%
停損 228.00（現 236.00）— 留意走勢
2026-06-29 09:05:04  TAIEX 跌破 5MA（現 44,888 < 5MA 46,343）
2026-06-29 09:05:14  TAIEX 跌破 10MA（現 44,888 < 10MA 45,943）— 短線轉弱
2026-06-29 09:30:04  🟡 預警：金寶 2312 距停損 +3.03%
停損 33.00（現 34.00）— 留意走勢
2026-06-29 12:30:13  🟠 注意：旺宏 2337 距停損 +2.90%
停損 155.00（現 159.50）— 開始準備
2026-06-30 09:00:06  🟠 注意：金寶 2312 距停損 +1.82%
停損 33.00（現 33.60）— 開始準備
2026-06-30 09:00:07  🟠 注意：旺宏 2337 距停損 +2.26%
停損 155.00（現 158.50）— 開始準備
2026-06-30 09:00:18  ⛔ 京元電子 2449 跌破停損 310.00（現 308.50）
2026-06-30 09:00:20  🟠 注意：矽格 6257 距停損 +2.51%
停損 219.00（現 224.50）— 開始準備
2026-06-30 09:00:22  🟡 預警：啟碁 6285 距停損 +3.51%
停損 228.00（現 236.00）— 留意走勢
2026-06-30 09:30:14  🟡 預警：金寶 2312 距停損 +4.39%
停損 33.00（現 34.45）— 留意走勢
2026-06-30 10:50:13  🔴 緊急：旺宏 2337 距停損 +0.32%
停損 155.00（現 155.50）— 隨時可能觸發
2026-07-01 09:00:04  🔴 緊急：旺宏 2337 距停損 +0.32%
停損 155.00（現 155.50）— 隨時可能觸發
2026-07-01 09:35:04  ⛔ 旺宏 2337 跌破停損 155.00（現 144.50）
2026-07-02 09:00:03  ⛔ 旺宏 2337 跌破停損 155.00（現 143.50）
2026-07-02 09:05:03  加權指數 -2.03% 大跌（收 46,065）
2026-07-02 09:05:05  TAIEX 跌破 10MA（現 46,065 < 10MA 46,099）— 短線轉弱
2026-07-02 09:05:07  🟡 預警：金寶 2312 距停損 +3.48%
停損 33.00（現 34.15）— 留意走勢
2026-07-03 09:00:04  ⛔ 旺宏 2337 跌破停損 155.00（現 145.50）
2026-07-03 09:05:07  TAIEX 跌破 10MA（現 46,034 < 10MA 46,307）— 短線轉弱
